<?xml version="1.0" encoding="utf-8"?>
<log version="1.0" tool="runtool">

<msg id="1" tool="runtool">
  <type>log-start</type>
  <arg>2024/11/20 05:44:55</arg>
</msg>
<msg id="2" tool="runtool">
  <type>collector-starts</type>
</msg>
<msg id="3" tool="runtool">
  <type>marker-file</type>
  <arg>/home/fernando/Descargas/lab3-master/results/task4/task2/e000/mp000/mp000.advixe</arg>
</msg>
<msg id="4" tool="tc">
  <type>START</type>
  <severity>INFO</severity>
  <timestamp>Wed Nov 20 05:44:55 2024</timestamp>
</msg>
<msg id="5" tool="tc">
  <type>EXEC_OF_INTEREST</type>
  <arg>/home/fernando/Descargas/lab3-master/results/task4/task2/mapcompl</arg>
  <arg>142531</arg>
  <severity>INFO</severity>
  <timestamp>Wed Nov 20 05:44:55 2024</timestamp>
</msg>
<msg id="6" tool="tc">
  <type>LOAD_MODULE</type>
  <arg>/home/fernando/Descargas/lab3-master/results/task4/task2/mapcompl</arg>
  <arg>0x400000</arg>
  <arg>0x40ea5f</arg>
  <arg>1</arg>
  <severity>INFO</severity>
  <timestamp>Wed Nov 20 05:44:55 2024</timestamp>
</msg>
<msg id="7" tool="tc">
  <type>LOAD_MODULE</type>
  <arg>/lib64/ld-linux-x86-64.so.2</arg>
  <arg>0x7a9b3380a000</arg>
  <arg>0x7a9b338432d7</arg>
  <arg>2</arg>
  <severity>INFO</severity>
  <timestamp>Wed Nov 20 05:44:55 2024</timestamp>
</msg>
<msg id="8" tool="tc">
  <type>LOAD_MODULE</type>
  <arg>[vdso]</arg>
  <arg>0x7fffc814a000</arg>
  <arg>0x7fffc814b0aa</arg>
  <arg>3</arg>
  <severity>INFO</severity>
  <timestamp>Wed Nov 20 05:44:55 2024</timestamp>
</msg>
<msg id="9" tool="tc">
  <type>LOAD_MODULE</type>
  <arg>/lib/x86_64-linux-gnu/libstdc++.so.6</arg>
  <arg>0x7a9b1e200000</arg>
  <arg>0x7a9b1e47d13f</arg>
  <arg>4</arg>
  <severity>INFO</severity>
  <timestamp>Wed Nov 20 05:44:55 2024</timestamp>
</msg>
<msg id="10" tool="tc">
  <type>LOAD_MODULE</type>
  <arg>/lib/x86_64-linux-gnu/libm.so.6</arg>
  <arg>0x7a9b1e09b000</arg>
  <arg>0x7a9b1e183017</arg>
  <arg>5</arg>
  <severity>INFO</severity>
  <timestamp>Wed Nov 20 05:44:55 2024</timestamp>
</msg>
<msg id="11" tool="tc">
  <type>LOAD_MODULE</type>
  <arg>/lib/x86_64-linux-gnu/libgcc_s.so.1</arg>
  <arg>0x7a9b1e05c000</arg>
  <arg>0x7a9b1e0893a7</arg>
  <arg>6</arg>
  <severity>INFO</severity>
  <timestamp>Wed Nov 20 05:44:55 2024</timestamp>
</msg>
<msg id="12" tool="tc">
  <type>LOAD_MODULE</type>
  <arg>/opt/intel/oneapi/compiler/2024.2/lib/libiomp5.so</arg>
  <arg>0x7a9b1da00000</arg>
  <arg>0x7a9b1dde786f</arg>
  <arg>7</arg>
  <severity>INFO</severity>
  <timestamp>Wed Nov 20 05:44:55 2024</timestamp>
</msg>
<msg id="13" tool="tc">
  <type>LOAD_MODULE</type>
  <arg>/opt/intel/oneapi/compiler/2024.2/lib/libsycl.so.7</arg>
  <arg>0x7a9b1d600000</arg>
  <arg>0x7a9b1d9ab4cf</arg>
  <arg>8</arg>
  <severity>INFO</severity>
  <timestamp>Wed Nov 20 05:44:55 2024</timestamp>
</msg>
<msg id="14" tool="tc">
  <type>LOAD_MODULE</type>
  <arg>/lib/x86_64-linux-gnu/libc.so.6</arg>
  <arg>0x7a9b1d200000</arg>
  <arg>0x7a9b1d411d8f</arg>
  <arg>9</arg>
  <severity>INFO</severity>
  <timestamp>Wed Nov 20 05:44:55 2024</timestamp>
</msg>
<msg id="15" tool="tc">
  <type>LOAD_MODULE</type>
  <arg>/lib/x86_64-linux-gnu/librt.so.1</arg>
  <arg>0x7a9b1dfef000</arg>
  <arg>0x7a9b1dff300f</arg>
  <arg>10</arg>
  <severity>INFO</severity>
  <timestamp>Wed Nov 20 05:44:55 2024</timestamp>
</msg>
<msg id="16" tool="tc">
  <type>LOAD_MODULE</type>
  <arg>/lib/x86_64-linux-gnu/libdl.so.2</arg>
  <arg>0x7a9b1dfdb000</arg>
  <arg>0x7a9b1dfdf00f</arg>
  <arg>11</arg>
  <severity>INFO</severity>
  <timestamp>Wed Nov 20 05:44:55 2024</timestamp>
</msg>
<msg id="17" tool="tc">
  <type>LOAD_MODULE</type>
  <arg>/lib/x86_64-linux-gnu/libpthread.so.0</arg>
  <arg>0x7a9b1dfd4000</arg>
  <arg>0x7a9b1dfd800f</arg>
  <arg>12</arg>
  <severity>INFO</severity>
  <timestamp>Wed Nov 20 05:44:55 2024</timestamp>
</msg>
<msg id="18" tool="tc">
  <type>UNLOAD_MODULE</type>
  <arg>/home/fernando/Descargas/lab3-master/results/task4/task2/mapcompl</arg>
  <arg>1</arg>
  <severity>INFO</severity>
  <timestamp>Wed Nov 20 05:44:56 2024</timestamp>
</msg>
<msg id="19" tool="tc">
  <type>UNLOAD_MODULE</type>
  <arg>/lib64/ld-linux-x86-64.so.2</arg>
  <arg>2</arg>
  <severity>INFO</severity>
  <timestamp>Wed Nov 20 05:44:56 2024</timestamp>
</msg>
<msg id="20" tool="tc">
  <type>UNLOAD_MODULE</type>
  <arg>[vdso]</arg>
  <arg>3</arg>
  <severity>INFO</severity>
  <timestamp>Wed Nov 20 05:44:56 2024</timestamp>
</msg>
<msg id="21" tool="tc">
  <type>UNLOAD_MODULE</type>
  <arg>/lib/x86_64-linux-gnu/libstdc++.so.6</arg>
  <arg>4</arg>
  <severity>INFO</severity>
  <timestamp>Wed Nov 20 05:44:56 2024</timestamp>
</msg>
<msg id="22" tool="tc">
  <type>UNLOAD_MODULE</type>
  <arg>/lib/x86_64-linux-gnu/libm.so.6</arg>
  <arg>5</arg>
  <severity>INFO</severity>
  <timestamp>Wed Nov 20 05:44:56 2024</timestamp>
</msg>
<msg id="23" tool="tc">
  <type>UNLOAD_MODULE</type>
  <arg>/lib/x86_64-linux-gnu/libgcc_s.so.1</arg>
  <arg>6</arg>
  <severity>INFO</severity>
  <timestamp>Wed Nov 20 05:44:56 2024</timestamp>
</msg>
<msg id="24" tool="tc">
  <type>UNLOAD_MODULE</type>
  <arg>/opt/intel/oneapi/compiler/2024.2/lib/libiomp5.so</arg>
  <arg>7</arg>
  <severity>INFO</severity>
  <timestamp>Wed Nov 20 05:44:56 2024</timestamp>
</msg>
<msg id="25" tool="tc">
  <type>UNLOAD_MODULE</type>
  <arg>/opt/intel/oneapi/compiler/2024.2/lib/libsycl.so.7</arg>
  <arg>8</arg>
  <severity>INFO</severity>
  <timestamp>Wed Nov 20 05:44:56 2024</timestamp>
</msg>
<msg id="26" tool="tc">
  <type>UNLOAD_MODULE</type>
  <arg>/lib/x86_64-linux-gnu/libc.so.6</arg>
  <arg>9</arg>
  <severity>INFO</severity>
  <timestamp>Wed Nov 20 05:44:56 2024</timestamp>
</msg>
<msg id="27" tool="tc">
  <type>UNLOAD_MODULE</type>
  <arg>/lib/x86_64-linux-gnu/librt.so.1</arg>
  <arg>10</arg>
  <severity>INFO</severity>
  <timestamp>Wed Nov 20 05:44:56 2024</timestamp>
</msg>
<msg id="28" tool="tc">
  <type>UNLOAD_MODULE</type>
  <arg>/lib/x86_64-linux-gnu/libdl.so.2</arg>
  <arg>11</arg>
  <severity>INFO</severity>
  <timestamp>Wed Nov 20 05:44:56 2024</timestamp>
</msg>
<msg id="29" tool="tc">
  <type>UNLOAD_MODULE</type>
  <arg>/lib/x86_64-linux-gnu/libpthread.so.0</arg>
  <arg>12</arg>
  <severity>INFO</severity>
  <timestamp>Wed Nov 20 05:44:56 2024</timestamp>
</msg>
<msg id="30" tool="tc">
  <type>PROCESS_TERMINATE</type>
  <arg>/home/fernando/Descargas/lab3-master/results/task4/task2/mapcompl</arg>
  <arg>142531</arg>
  <severity>INFO</severity>
  <timestamp>Wed Nov 20 05:44:56 2024</timestamp>
</msg>
<msg id="31" tool="tc">
  <type>NO_ANNOTATIONS</type>
  <severity>WARNING</severity>
  <timestamp>Wed Nov 20 05:44:56 2024</timestamp>
</msg>
<msg id="32" tool="tc">
  <type>ANALYSIS_COMPLETE</type>
  <severity>INFO</severity>
  <timestamp>Wed Nov 20 05:44:56 2024</timestamp>
</msg>
<msg id="33" tool="tc">
  <type>STOP</type>
  <severity>INFO</severity>
  <timestamp>Wed Nov 20 05:44:56 2024</timestamp>
</msg>
<msg id="34" tool="runtool">
  <type>app-exit-code</type>
  <arg>0</arg>
</msg>
<msg id="35" tool="runtool">
  <type>marker-file</type>
  <arg>/home/fernando/Descargas/lab3-master/results/task4/task2/e000/mp000/mp000.advixe</arg>
</msg>
<msg id="36" tool="runtool">
  <type>collector-done</type>
</msg>
<msg id="37" tool="runtool">
  <type>log-end</type>
  <arg>2024/11/20 05:44:59</arg>
</msg>

</log>

