<?xml version="1.0" encoding="utf-8" ?>
<!-- DO NOT EDIT THIS FILE -->

<log version='2.0' source='tcet'>
	<!-- Opened annotation file /opt/intel/oneapi/advisor/2024.2/lib64/../config/tc/map.ant -->
	<!-- Opened annotation file /opt/intel/oneapi/advisor/2024.2/lib64/../config/tc/allocators.ant -->
	<msg id='1' display='false' source='map'>
		<type>START</type>
		<severity>INFO</severity>
		<timestamp>Wed Nov 20 05:44:55 2024</timestamp>
	</msg>
	<!-- Successfully loaded CCRT 13.15.8 at address 0x7a9b31c27000 - 0x7a9b31e00000 -->
	<!-- Successfully loaded the TC Analysis Core 8.23.1 at address 0x7a9b30200000 - 0x7a9b30249000 -->
	<!-- Successfully loaded the TC Instrumentation Engine 8.23.1 at address 0x7a9b31e00000 - 0x7a9b31ff1000 -->
	<!-- Environment: INTEL_LIBITTNOTIFY32=/opt/intel/oneapi/advisor/2024.2/lib32/runtime/libittnotify.so -->
	<!-- Environment: INTEL_LIBITTNOTIFY64=/opt/intel/oneapi/advisor/2024.2/lib64/runtime/libittnotify.so -->
	<!-- Environment: INTEL_JIT_PROFILER32=/opt/intel/oneapi/advisor/2024.2/lib32/libpinjitprofiling.so -->
	<!-- Environment: INTEL_JIT_PROFILER64=/opt/intel/oneapi/advisor/2024.2/lib64/libpinjitprofiling.so -->
	<!-- This is the instance of interest -->
	<msg id='2' source='tcet'>
		<type>EXEC_OF_INTEREST</type>
		<severity>INFO</severity>
		<timestamp>Wed Nov 20 05:44:55 2024</timestamp>
		<arg name='process'>/home/fernando/Descargas/lab3-master/results/task4/task2/mapcompl</arg>
		<arg name='pid'>142531</arg>
	</msg>
	<msg id='3' source='tcet'>
		<type>LOAD_MODULE</type>
		<severity>INFO</severity>
		<timestamp>Wed Nov 20 05:44:55 2024</timestamp>
		<arg name='module'>/home/fernando/Descargas/lab3-master/results/task4/task2/mapcompl</arg>
		<arg name='basement'>0x400000</arg>
		<arg name='ceiling'>0x40ea5f</arg>
		<arg name='id'>1</arg>
	</msg>
	<msg id='4' source='tcet'>
		<type>LOAD_MODULE</type>
		<severity>INFO</severity>
		<timestamp>Wed Nov 20 05:44:55 2024</timestamp>
		<arg name='module'>/lib64/ld-linux-x86-64.so.2</arg>
		<arg name='basement'>0x7a9b3380a000</arg>
		<arg name='ceiling'>0x7a9b338432d7</arg>
		<arg name='id'>2</arg>
	</msg>
	<msg id='5' source='tcet'>
		<type>LOAD_MODULE</type>
		<severity>INFO</severity>
		<timestamp>Wed Nov 20 05:44:55 2024</timestamp>
		<arg name='module'>[vdso]</arg>
		<arg name='basement'>0x7fffc814a000</arg>
		<arg name='ceiling'>0x7fffc814b0aa</arg>
		<arg name='id'>3</arg>
	</msg>
	<msg id='6' source='tcet'>
		<type>LOAD_MODULE</type>
		<severity>INFO</severity>
		<timestamp>Wed Nov 20 05:44:55 2024</timestamp>
		<arg name='module'>/lib/x86_64-linux-gnu/libstdc++.so.6</arg>
		<arg name='basement'>0x7a9b1e200000</arg>
		<arg name='ceiling'>0x7a9b1e47d13f</arg>
		<arg name='id'>4</arg>
	</msg>
	<msg id='7' source='tcet'>
		<type>LOAD_MODULE</type>
		<severity>INFO</severity>
		<timestamp>Wed Nov 20 05:44:55 2024</timestamp>
		<arg name='module'>/lib/x86_64-linux-gnu/libm.so.6</arg>
		<arg name='basement'>0x7a9b1e09b000</arg>
		<arg name='ceiling'>0x7a9b1e183017</arg>
		<arg name='id'>5</arg>
	</msg>
	<msg id='8' source='tcet'>
		<type>LOAD_MODULE</type>
		<severity>INFO</severity>
		<timestamp>Wed Nov 20 05:44:55 2024</timestamp>
		<arg name='module'>/lib/x86_64-linux-gnu/libgcc_s.so.1</arg>
		<arg name='basement'>0x7a9b1e05c000</arg>
		<arg name='ceiling'>0x7a9b1e0893a7</arg>
		<arg name='id'>6</arg>
	</msg>
	<msg id='9' source='tcet'>
		<type>LOAD_MODULE</type>
		<severity>INFO</severity>
		<timestamp>Wed Nov 20 05:44:55 2024</timestamp>
		<arg name='module'>/opt/intel/oneapi/compiler/2024.2/lib/libiomp5.so</arg>
		<arg name='basement'>0x7a9b1da00000</arg>
		<arg name='ceiling'>0x7a9b1dde786f</arg>
		<arg name='id'>7</arg>
	</msg>
	<msg id='10' source='tcet'>
		<type>LOAD_MODULE</type>
		<severity>INFO</severity>
		<timestamp>Wed Nov 20 05:44:55 2024</timestamp>
		<arg name='module'>/opt/intel/oneapi/compiler/2024.2/lib/libsycl.so.7</arg>
		<arg name='basement'>0x7a9b1d600000</arg>
		<arg name='ceiling'>0x7a9b1d9ab4cf</arg>
		<arg name='id'>8</arg>
	</msg>
	<msg id='11' source='tcet'>
		<type>LOAD_MODULE</type>
		<severity>INFO</severity>
		<timestamp>Wed Nov 20 05:44:55 2024</timestamp>
		<arg name='module'>/lib/x86_64-linux-gnu/libc.so.6</arg>
		<arg name='basement'>0x7a9b1d200000</arg>
		<arg name='ceiling'>0x7a9b1d411d8f</arg>
		<arg name='id'>9</arg>
	</msg>
	<msg id='12' source='tcet'>
		<type>LOAD_MODULE</type>
		<severity>INFO</severity>
		<timestamp>Wed Nov 20 05:44:55 2024</timestamp>
		<arg name='module'>/lib/x86_64-linux-gnu/librt.so.1</arg>
		<arg name='basement'>0x7a9b1dfef000</arg>
		<arg name='ceiling'>0x7a9b1dff300f</arg>
		<arg name='id'>10</arg>
	</msg>
	<msg id='13' source='tcet'>
		<type>LOAD_MODULE</type>
		<severity>INFO</severity>
		<timestamp>Wed Nov 20 05:44:55 2024</timestamp>
		<arg name='module'>/lib/x86_64-linux-gnu/libdl.so.2</arg>
		<arg name='basement'>0x7a9b1dfdb000</arg>
		<arg name='ceiling'>0x7a9b1dfdf00f</arg>
		<arg name='id'>11</arg>
	</msg>
	<msg id='14' source='tcet'>
		<type>LOAD_MODULE</type>
		<severity>INFO</severity>
		<timestamp>Wed Nov 20 05:44:55 2024</timestamp>
		<arg name='module'>/lib/x86_64-linux-gnu/libpthread.so.0</arg>
		<arg name='basement'>0x7a9b1dfd4000</arg>
		<arg name='ceiling'>0x7a9b1dfd800f</arg>
		<arg name='id'>12</arg>
	</msg>
	<msg id='15' source='tcet'>
		<type>UNLOAD_MODULE</type>
		<severity>INFO</severity>
		<timestamp>Wed Nov 20 05:44:56 2024</timestamp>
		<arg name='module'>/home/fernando/Descargas/lab3-master/results/task4/task2/mapcompl</arg>
		<arg name='id'>1</arg>
	</msg>
	<msg id='16' source='tcet'>
		<type>UNLOAD_MODULE</type>
		<severity>INFO</severity>
		<timestamp>Wed Nov 20 05:44:56 2024</timestamp>
		<arg name='module'>/lib64/ld-linux-x86-64.so.2</arg>
		<arg name='id'>2</arg>
	</msg>
	<msg id='17' source='tcet'>
		<type>UNLOAD_MODULE</type>
		<severity>INFO</severity>
		<timestamp>Wed Nov 20 05:44:56 2024</timestamp>
		<arg name='module'>[vdso]</arg>
		<arg name='id'>3</arg>
	</msg>
	<msg id='18' source='tcet'>
		<type>UNLOAD_MODULE</type>
		<severity>INFO</severity>
		<timestamp>Wed Nov 20 05:44:56 2024</timestamp>
		<arg name='module'>/lib/x86_64-linux-gnu/libstdc++.so.6</arg>
		<arg name='id'>4</arg>
	</msg>
	<msg id='19' source='tcet'>
		<type>UNLOAD_MODULE</type>
		<severity>INFO</severity>
		<timestamp>Wed Nov 20 05:44:56 2024</timestamp>
		<arg name='module'>/lib/x86_64-linux-gnu/libm.so.6</arg>
		<arg name='id'>5</arg>
	</msg>
	<msg id='20' source='tcet'>
		<type>UNLOAD_MODULE</type>
		<severity>INFO</severity>
		<timestamp>Wed Nov 20 05:44:56 2024</timestamp>
		<arg name='module'>/lib/x86_64-linux-gnu/libgcc_s.so.1</arg>
		<arg name='id'>6</arg>
	</msg>
	<msg id='21' source='tcet'>
		<type>UNLOAD_MODULE</type>
		<severity>INFO</severity>
		<timestamp>Wed Nov 20 05:44:56 2024</timestamp>
		<arg name='module'>/opt/intel/oneapi/compiler/2024.2/lib/libiomp5.so</arg>
		<arg name='id'>7</arg>
	</msg>
	<msg id='22' source='tcet'>
		<type>UNLOAD_MODULE</type>
		<severity>INFO</severity>
		<timestamp>Wed Nov 20 05:44:56 2024</timestamp>
		<arg name='module'>/opt/intel/oneapi/compiler/2024.2/lib/libsycl.so.7</arg>
		<arg name='id'>8</arg>
	</msg>
	<msg id='23' source='tcet'>
		<type>UNLOAD_MODULE</type>
		<severity>INFO</severity>
		<timestamp>Wed Nov 20 05:44:56 2024</timestamp>
		<arg name='module'>/lib/x86_64-linux-gnu/libc.so.6</arg>
		<arg name='id'>9</arg>
	</msg>
	<msg id='24' source='tcet'>
		<type>UNLOAD_MODULE</type>
		<severity>INFO</severity>
		<timestamp>Wed Nov 20 05:44:56 2024</timestamp>
		<arg name='module'>/lib/x86_64-linux-gnu/librt.so.1</arg>
		<arg name='id'>10</arg>
	</msg>
	<msg id='25' source='tcet'>
		<type>UNLOAD_MODULE</type>
		<severity>INFO</severity>
		<timestamp>Wed Nov 20 05:44:56 2024</timestamp>
		<arg name='module'>/lib/x86_64-linux-gnu/libdl.so.2</arg>
		<arg name='id'>11</arg>
	</msg>
	<msg id='26' source='tcet'>
		<type>UNLOAD_MODULE</type>
		<severity>INFO</severity>
		<timestamp>Wed Nov 20 05:44:56 2024</timestamp>
		<arg name='module'>/lib/x86_64-linux-gnu/libpthread.so.0</arg>
		<arg name='id'>12</arg>
	</msg>
	<msg id='27' source='tcet'>
		<type>PROCESS_TERMINATE</type>
		<severity>INFO</severity>
		<timestamp>Wed Nov 20 05:44:56 2024</timestamp>
		<arg name='process'>/home/fernando/Descargas/lab3-master/results/task4/task2/mapcompl</arg>
		<arg name='pid'>142531</arg>
	</msg>
	<msg id='28' source='map'>
		<type>NO_ANNOTATIONS</type>
		<severity>WARNING</severity>
		<timestamp>Wed Nov 20 05:44:56 2024</timestamp>
	</msg>
	<msg id='29' display='false' source='map'>
		<type>ANALYSIS_COMPLETE</type>
		<severity>INFO</severity>
		<timestamp>Wed Nov 20 05:44:56 2024</timestamp>
	</msg>
	<msg id='30' display='false' source='map'>
		<type>STOP</type>
		<severity>INFO</severity>
		<timestamp>Wed Nov 20 05:44:56 2024</timestamp>
	</msg>
</log>