<?xml version="1.0" encoding="utf-8" ?>
<!-- DO NOT EDIT THIS FILE -->

<log version='2.0' source='tcet'>
	<!-- Opened annotation file /opt/intel/oneapi/advisor/2024.2/lib64/../config/tc/map.ant -->
	<!-- Opened annotation file /opt/intel/oneapi/advisor/2024.2/lib64/../config/tc/allocators.ant -->
	<msg id='1' display='false' source='map'>
		<type>START</type>
		<severity>INFO</severity>
		<timestamp>Wed Nov 20 05:50:45 2024</timestamp>
	</msg>
	<!-- Successfully loaded CCRT 13.15.8 at address 0x733029627000 - 0x733029800000 -->
	<!-- Successfully loaded the TC Analysis Core 8.23.1 at address 0x733027c00000 - 0x733027c49000 -->
	<!-- Successfully loaded the TC Instrumentation Engine 8.23.1 at address 0x733029800000 - 0x7330299f1000 -->
	<!-- Environment: INTEL_LIBITTNOTIFY32=/opt/intel/oneapi/advisor/2024.2/lib32/runtime/libittnotify.so -->
	<!-- Environment: INTEL_LIBITTNOTIFY64=/opt/intel/oneapi/advisor/2024.2/lib64/runtime/libittnotify.so -->
	<!-- Environment: INTEL_JIT_PROFILER32=/opt/intel/oneapi/advisor/2024.2/lib32/libpinjitprofiling.so -->
	<!-- Environment: INTEL_JIT_PROFILER64=/opt/intel/oneapi/advisor/2024.2/lib64/libpinjitprofiling.so -->
	<!-- This is the instance of interest -->
	<msg id='2' source='tcet'>
		<type>EXEC_OF_INTEREST</type>
		<severity>INFO</severity>
		<timestamp>Wed Nov 20 05:50:45 2024</timestamp>
		<arg name='process'>/home/fernando/Descargas/lab3-master/results/task4/task4b/complex</arg>
		<arg name='pid'>143078</arg>
	</msg>
	<msg id='3' source='tcet'>
		<type>LOAD_MODULE</type>
		<severity>INFO</severity>
		<timestamp>Wed Nov 20 05:50:45 2024</timestamp>
		<arg name='module'>/home/fernando/Descargas/lab3-master/results/task4/task4b/complex</arg>
		<arg name='basement'>0x400000</arg>
		<arg name='ceiling'>0x40ea5f</arg>
		<arg name='id'>1</arg>
	</msg>
	<msg id='4' source='tcet'>
		<type>LOAD_MODULE</type>
		<severity>INFO</severity>
		<timestamp>Wed Nov 20 05:50:45 2024</timestamp>
		<arg name='module'>/lib64/ld-linux-x86-64.so.2</arg>
		<arg name='basement'>0x73302b236000</arg>
		<arg name='ceiling'>0x73302b26f2d7</arg>
		<arg name='id'>2</arg>
	</msg>
	<msg id='5' source='tcet'>
		<type>LOAD_MODULE</type>
		<severity>INFO</severity>
		<timestamp>Wed Nov 20 05:50:45 2024</timestamp>
		<arg name='module'>[vdso]</arg>
		<arg name='basement'>0x7fffee1a8000</arg>
		<arg name='ceiling'>0x7fffee1a90aa</arg>
		<arg name='id'>3</arg>
	</msg>
	<msg id='6' source='tcet'>
		<type>LOAD_MODULE</type>
		<severity>INFO</severity>
		<timestamp>Wed Nov 20 05:50:45 2024</timestamp>
		<arg name='module'>/lib/x86_64-linux-gnu/libstdc++.so.6</arg>
		<arg name='basement'>0x733015c00000</arg>
		<arg name='ceiling'>0x733015e7d13f</arg>
		<arg name='id'>4</arg>
	</msg>
	<msg id='7' source='tcet'>
		<type>LOAD_MODULE</type>
		<severity>INFO</severity>
		<timestamp>Wed Nov 20 05:50:45 2024</timestamp>
		<arg name='module'>/lib/x86_64-linux-gnu/libm.so.6</arg>
		<arg name='basement'>0x733015ac8000</arg>
		<arg name='ceiling'>0x733015bb0017</arg>
		<arg name='id'>5</arg>
	</msg>
	<msg id='8' source='tcet'>
		<type>LOAD_MODULE</type>
		<severity>INFO</severity>
		<timestamp>Wed Nov 20 05:50:45 2024</timestamp>
		<arg name='module'>/lib/x86_64-linux-gnu/libgcc_s.so.1</arg>
		<arg name='basement'>0x733015a9a000</arg>
		<arg name='ceiling'>0x733015ac73a7</arg>
		<arg name='id'>6</arg>
	</msg>
	<msg id='9' source='tcet'>
		<type>LOAD_MODULE</type>
		<severity>INFO</severity>
		<timestamp>Wed Nov 20 05:50:45 2024</timestamp>
		<arg name='module'>/opt/intel/oneapi/compiler/2024.2/lib/libiomp5.so</arg>
		<arg name='basement'>0x733015400000</arg>
		<arg name='ceiling'>0x7330157e786f</arg>
		<arg name='id'>7</arg>
	</msg>
	<msg id='10' source='tcet'>
		<type>LOAD_MODULE</type>
		<severity>INFO</severity>
		<timestamp>Wed Nov 20 05:50:45 2024</timestamp>
		<arg name='module'>/opt/intel/oneapi/compiler/2024.2/lib/libsycl.so.7</arg>
		<arg name='basement'>0x733015000000</arg>
		<arg name='ceiling'>0x7330153ab4cf</arg>
		<arg name='id'>8</arg>
	</msg>
	<msg id='11' source='tcet'>
		<type>LOAD_MODULE</type>
		<severity>INFO</severity>
		<timestamp>Wed Nov 20 05:50:45 2024</timestamp>
		<arg name='module'>/lib/x86_64-linux-gnu/libc.so.6</arg>
		<arg name='basement'>0x733014c00000</arg>
		<arg name='ceiling'>0x733014e11d8f</arg>
		<arg name='id'>9</arg>
	</msg>
	<msg id='12' source='tcet'>
		<type>LOAD_MODULE</type>
		<severity>INFO</severity>
		<timestamp>Wed Nov 20 05:50:45 2024</timestamp>
		<arg name='module'>/lib/x86_64-linux-gnu/librt.so.1</arg>
		<arg name='basement'>0x733015a19000</arg>
		<arg name='ceiling'>0x733015a1d00f</arg>
		<arg name='id'>10</arg>
	</msg>
	<msg id='13' source='tcet'>
		<type>LOAD_MODULE</type>
		<severity>INFO</severity>
		<timestamp>Wed Nov 20 05:50:45 2024</timestamp>
		<arg name='module'>/lib/x86_64-linux-gnu/libdl.so.2</arg>
		<arg name='basement'>0x733015a07000</arg>
		<arg name='ceiling'>0x733015a0b00f</arg>
		<arg name='id'>11</arg>
	</msg>
	<msg id='14' source='tcet'>
		<type>LOAD_MODULE</type>
		<severity>INFO</severity>
		<timestamp>Wed Nov 20 05:50:45 2024</timestamp>
		<arg name='module'>/lib/x86_64-linux-gnu/libpthread.so.0</arg>
		<arg name='basement'>0x733015a02000</arg>
		<arg name='ceiling'>0x733015a0600f</arg>
		<arg name='id'>12</arg>
	</msg>
	<msg id='15' source='tcet'>
		<type>UNLOAD_MODULE</type>
		<severity>INFO</severity>
		<timestamp>Wed Nov 20 05:50:46 2024</timestamp>
		<arg name='module'>/home/fernando/Descargas/lab3-master/results/task4/task4b/complex</arg>
		<arg name='id'>1</arg>
	</msg>
	<msg id='16' source='tcet'>
		<type>UNLOAD_MODULE</type>
		<severity>INFO</severity>
		<timestamp>Wed Nov 20 05:50:46 2024</timestamp>
		<arg name='module'>/lib64/ld-linux-x86-64.so.2</arg>
		<arg name='id'>2</arg>
	</msg>
	<msg id='17' source='tcet'>
		<type>UNLOAD_MODULE</type>
		<severity>INFO</severity>
		<timestamp>Wed Nov 20 05:50:46 2024</timestamp>
		<arg name='module'>[vdso]</arg>
		<arg name='id'>3</arg>
	</msg>
	<msg id='18' source='tcet'>
		<type>UNLOAD_MODULE</type>
		<severity>INFO</severity>
		<timestamp>Wed Nov 20 05:50:46 2024</timestamp>
		<arg name='module'>/lib/x86_64-linux-gnu/libstdc++.so.6</arg>
		<arg name='id'>4</arg>
	</msg>
	<msg id='19' source='tcet'>
		<type>UNLOAD_MODULE</type>
		<severity>INFO</severity>
		<timestamp>Wed Nov 20 05:50:46 2024</timestamp>
		<arg name='module'>/lib/x86_64-linux-gnu/libm.so.6</arg>
		<arg name='id'>5</arg>
	</msg>
	<msg id='20' source='tcet'>
		<type>UNLOAD_MODULE</type>
		<severity>INFO</severity>
		<timestamp>Wed Nov 20 05:50:46 2024</timestamp>
		<arg name='module'>/lib/x86_64-linux-gnu/libgcc_s.so.1</arg>
		<arg name='id'>6</arg>
	</msg>
	<msg id='21' source='tcet'>
		<type>UNLOAD_MODULE</type>
		<severity>INFO</severity>
		<timestamp>Wed Nov 20 05:50:46 2024</timestamp>
		<arg name='module'>/opt/intel/oneapi/compiler/2024.2/lib/libiomp5.so</arg>
		<arg name='id'>7</arg>
	</msg>
	<msg id='22' source='tcet'>
		<type>UNLOAD_MODULE</type>
		<severity>INFO</severity>
		<timestamp>Wed Nov 20 05:50:46 2024</timestamp>
		<arg name='module'>/opt/intel/oneapi/compiler/2024.2/lib/libsycl.so.7</arg>
		<arg name='id'>8</arg>
	</msg>
	<msg id='23' source='tcet'>
		<type>UNLOAD_MODULE</type>
		<severity>INFO</severity>
		<timestamp>Wed Nov 20 05:50:46 2024</timestamp>
		<arg name='module'>/lib/x86_64-linux-gnu/libc.so.6</arg>
		<arg name='id'>9</arg>
	</msg>
	<msg id='24' source='tcet'>
		<type>UNLOAD_MODULE</type>
		<severity>INFO</severity>
		<timestamp>Wed Nov 20 05:50:46 2024</timestamp>
		<arg name='module'>/lib/x86_64-linux-gnu/librt.so.1</arg>
		<arg name='id'>10</arg>
	</msg>
	<msg id='25' source='tcet'>
		<type>UNLOAD_MODULE</type>
		<severity>INFO</severity>
		<timestamp>Wed Nov 20 05:50:46 2024</timestamp>
		<arg name='module'>/lib/x86_64-linux-gnu/libdl.so.2</arg>
		<arg name='id'>11</arg>
	</msg>
	<msg id='26' source='tcet'>
		<type>UNLOAD_MODULE</type>
		<severity>INFO</severity>
		<timestamp>Wed Nov 20 05:50:46 2024</timestamp>
		<arg name='module'>/lib/x86_64-linux-gnu/libpthread.so.0</arg>
		<arg name='id'>12</arg>
	</msg>
	<msg id='27' source='tcet'>
		<type>PROCESS_TERMINATE</type>
		<severity>INFO</severity>
		<timestamp>Wed Nov 20 05:50:46 2024</timestamp>
		<arg name='process'>/home/fernando/Descargas/lab3-master/results/task4/task4b/complex</arg>
		<arg name='pid'>143078</arg>
	</msg>
	<msg id='28' source='map'>
		<type>NO_ANNOTATIONS</type>
		<severity>WARNING</severity>
		<timestamp>Wed Nov 20 05:50:46 2024</timestamp>
	</msg>
	<msg id='29' display='false' source='map'>
		<type>ANALYSIS_COMPLETE</type>
		<severity>INFO</severity>
		<timestamp>Wed Nov 20 05:50:46 2024</timestamp>
	</msg>
	<msg id='30' display='false' source='map'>
		<type>STOP</type>
		<severity>INFO</severity>
		<timestamp>Wed Nov 20 05:50:46 2024</timestamp>
	</msg>
</log>